app/build/intermediates/manifest_merge_blame_file/debug/manifest-merger-blame-debug-report.txt
1<?xml version="1.0" encoding="utf-8"?>
2<manifest xmlns:android="http://schemas.android.com/apk/res/android"
3    package="com.maka.launcher"
4    android:versionCode="1"
5    android:versionName="1.0" >
6
7    <uses-sdk
8        android:minSdkVersion="24"
9        android:targetSdkVersion="34" />
10
11    <uses-permission android:name="android.permission.PACKAGE_USAGE_STATS" />
11-->src\main\AndroidManifest.xml:5:5-78
11-->src\main\AndroidManifest.xml:5:22-75
12    <uses-permission android:name="android.permission.GET_TASKS" />
12-->src\main\AndroidManifest.xml:6:5-68
12-->src\main\AndroidManifest.xml:6:22-65
13    <uses-permission android:name="android.permission.SYSTEM_ALERT_WINDOW" />
13-->src\main\AndroidManifest.xml:7:5-78
13-->src\main\AndroidManifest.xml:7:22-75
14    <uses-permission android:name="android.permission.INTERNET" />
14-->src\main\AndroidManifest.xml:8:5-67
14-->src\main\AndroidManifest.xml:8:22-64
15    <uses-permission android:name="android.permission.QUERY_ALL_PACKAGES" />
15-->src\main\AndroidManifest.xml:9:5-10:53
15-->src\main\AndroidManifest.xml:9:22-74
16    <uses-permission android:name="android.permission.ACCESS_NETWORK_STATE" />
16-->[com.google.android.gms:play-services-ads-lite:22.5.0] AndroidManifest.xml:25:5-79
16-->[com.google.android.gms:play-services-ads-lite:22.5.0] AndroidManifest.xml:25:22-76
17    <uses-permission android:name="com.google.android.gms.permission.AD_ID" />
17-->[com.google.android.gms:play-services-ads-lite:22.5.0] AndroidManifest.xml:26:5-79
17-->[com.google.android.gms:play-services-ads-lite:22.5.0] AndroidManifest.xml:26:22-76
18    <uses-permission android:name="android.permission.ACCESS_ADSERVICES_AD_ID" />
18-->[com.google.android.gms:play-services-ads-lite:22.5.0] AndroidManifest.xml:27:5-82
18-->[com.google.android.gms:play-services-ads-lite:22.5.0] AndroidManifest.xml:27:22-79
19    <uses-permission android:name="android.permission.ACCESS_ADSERVICES_ATTRIBUTION" />
19-->[com.google.android.gms:play-services-ads-lite:22.5.0] AndroidManifest.xml:28:5-88
19-->[com.google.android.gms:play-services-ads-lite:22.5.0] AndroidManifest.xml:28:22-85
20    <uses-permission android:name="android.permission.ACCESS_ADSERVICES_TOPICS" /> <!-- Android package visibility setting -->
20-->[com.google.android.gms:play-services-ads-lite:22.5.0] AndroidManifest.xml:29:5-83
20-->[com.google.android.gms:play-services-ads-lite:22.5.0] AndroidManifest.xml:29:22-80
21    <queries>
21-->[com.google.android.gms:play-services-ads-lite:22.5.0] AndroidManifest.xml:35:5-51:15
22
23        <!-- For browser content -->
24        <intent>
24-->[com.google.android.gms:play-services-ads-lite:22.5.0] AndroidManifest.xml:38:9-44:18
25            <action android:name="android.intent.action.VIEW" />
25-->[com.google.android.gms:play-services-ads-lite:22.5.0] AndroidManifest.xml:39:13-65
25-->[com.google.android.gms:play-services-ads-lite:22.5.0] AndroidManifest.xml:39:21-62
26
27            <category android:name="android.intent.category.BROWSABLE" />
27-->[com.google.android.gms:play-services-ads-lite:22.5.0] AndroidManifest.xml:41:13-74
27-->[com.google.android.gms:play-services-ads-lite:22.5.0] AndroidManifest.xml:41:23-71
28
29            <data android:scheme="https" />
29-->[com.google.android.gms:play-services-ads-lite:22.5.0] AndroidManifest.xml:43:13-44
29-->[com.google.android.gms:play-services-ads-lite:22.5.0] AndroidManifest.xml:43:19-41
30        </intent>
31        <!-- End of browser content -->
32        <!-- For CustomTabsService -->
33        <intent>
33-->[com.google.android.gms:play-services-ads-lite:22.5.0] AndroidManifest.xml:47:9-49:18
34            <action android:name="android.support.customtabs.action.CustomTabsService" />
34-->[com.google.android.gms:play-services-ads-lite:22.5.0] AndroidManifest.xml:48:13-90
34-->[com.google.android.gms:play-services-ads-lite:22.5.0] AndroidManifest.xml:48:21-87
35        </intent>
36        <!-- End of CustomTabsService -->
37    </queries>
38
39    <uses-permission android:name="android.permission.WAKE_LOCK" />
39-->[androidx.work:work-runtime:2.8.1] AndroidManifest.xml:23:5-68
39-->[androidx.work:work-runtime:2.8.1] AndroidManifest.xml:23:22-65
40    <uses-permission android:name="android.permission.FOREGROUND_SERVICE" />
40-->[androidx.work:work-runtime:2.8.1] AndroidManifest.xml:26:5-77
40-->[androidx.work:work-runtime:2.8.1] AndroidManifest.xml:26:22-74
41
42    <permission
42-->[androidx.core:core:1.12.0] AndroidManifest.xml:22:5-24:47
43        android:name="com.maka.launcher.DYNAMIC_RECEIVER_NOT_EXPORTED_PERMISSION"
43-->[androidx.core:core:1.12.0] AndroidManifest.xml:23:9-81
44        android:protectionLevel="signature" />
44-->[androidx.core:core:1.12.0] AndroidManifest.xml:24:9-44
45
46    <uses-permission android:name="com.maka.launcher.DYNAMIC_RECEIVER_NOT_EXPORTED_PERMISSION" />
46-->[androidx.core:core:1.12.0] AndroidManifest.xml:26:5-97
46-->[androidx.core:core:1.12.0] AndroidManifest.xml:26:22-94
47
48    <application
48-->src\main\AndroidManifest.xml:12:5-54:19
49        android:name="com.maka.launcher.TraeApplication"
49-->src\main\AndroidManifest.xml:13:9-40
50        android:allowBackup="true"
50-->src\main\AndroidManifest.xml:14:9-35
51        android:appComponentFactory="androidx.core.app.CoreComponentFactory"
51-->[androidx.core:core:1.12.0] AndroidManifest.xml:28:18-86
52        android:debuggable="true"
53        android:extractNativeLibs="false"
54        android:icon="@mipmap/ic_launcher"
54-->src\main\AndroidManifest.xml:15:9-43
55        android:label="@string/app_name"
55-->src\main\AndroidManifest.xml:16:9-41
56        android:roundIcon="@mipmap/ic_launcher_round"
56-->src\main\AndroidManifest.xml:17:9-54
57        android:supportsRtl="true"
57-->src\main\AndroidManifest.xml:18:9-35
58        android:testOnly="true"
59        android:theme="@style/Theme.Trae" >
59-->src\main\AndroidManifest.xml:19:9-42
60        <meta-data
60-->src\main\AndroidManifest.xml:21:9-23:69
61            android:name="com.google.android.gms.ads.APPLICATION_ID"
61-->src\main\AndroidManifest.xml:22:13-69
62            android:value="ca-app-pub-7674769237472802~9438983697" />
62-->src\main\AndroidManifest.xml:23:13-67
63
64        <activity
64-->src\main\AndroidManifest.xml:25:9-36:20
65            android:name="com.maka.launcher.ui.MainActivity"
65-->src\main\AndroidManifest.xml:26:13-44
66            android:exported="true"
66-->src\main\AndroidManifest.xml:27:13-36
67            android:launchMode="singleTask"
67-->src\main\AndroidManifest.xml:28:13-44
68            android:theme="@style/Theme.Trae" >
68-->src\main\AndroidManifest.xml:29:13-46
69            <intent-filter>
69-->src\main\AndroidManifest.xml:30:13-35:29
70                <action android:name="android.intent.action.MAIN" />
70-->src\main\AndroidManifest.xml:31:17-69
70-->src\main\AndroidManifest.xml:31:25-66
71
72                <category android:name="android.intent.category.HOME" />
72-->src\main\AndroidManifest.xml:32:17-73
72-->src\main\AndroidManifest.xml:32:27-70
73                <category android:name="android.intent.category.DEFAULT" />
73-->src\main\AndroidManifest.xml:33:17-76
73-->src\main\AndroidManifest.xml:33:27-73
74                <category android:name="android.intent.category.LAUNCHER" />
74-->src\main\AndroidManifest.xml:34:17-77
74-->src\main\AndroidManifest.xml:34:27-74
75            </intent-filter>
76        </activity>
77        <activity
77-->src\main\AndroidManifest.xml:38:9-42:47
78            android:name="com.maka.launcher.ui.BlockerActivity"
78-->src\main\AndroidManifest.xml:39:13-47
79            android:excludeFromRecents="true"
79-->src\main\AndroidManifest.xml:41:13-46
80            android:launchMode="singleTask"
80-->src\main\AndroidManifest.xml:42:13-44
81            android:theme="@style/Theme.AppCompat.Dialog" />
81-->src\main\AndroidManifest.xml:40:13-58
82
83        <provider
84            android:name="androidx.startup.InitializationProvider"
84-->src\main\AndroidManifest.xml:45:13-67
85            android:authorities="com.maka.launcher.androidx-startup"
85-->src\main\AndroidManifest.xml:46:13-68
86            android:exported="false" >
86-->src\main\AndroidManifest.xml:47:13-37
87            <meta-data
87-->[androidx.emoji2:emoji2:1.4.0] AndroidManifest.xml:29:13-31:52
88                android:name="androidx.emoji2.text.EmojiCompatInitializer"
88-->[androidx.emoji2:emoji2:1.4.0] AndroidManifest.xml:30:17-75
89                android:value="androidx.startup" />
89-->[androidx.emoji2:emoji2:1.4.0] AndroidManifest.xml:31:17-49
90            <meta-data
90-->[io.github.jan-tennert.supabase:gotrue-kt-android-debug:1.3.2] AndroidManifest.xml:14:13-16:52
91                android:name="io.github.jan.supabase.gotrue.SupabaseInitializer"
91-->[io.github.jan-tennert.supabase:gotrue-kt-android-debug:1.3.2] AndroidManifest.xml:15:17-81
92                android:value="androidx.startup" />
92-->[io.github.jan-tennert.supabase:gotrue-kt-android-debug:1.3.2] AndroidManifest.xml:16:17-49
93            <meta-data
93-->[androidx.lifecycle:lifecycle-process:2.6.2] AndroidManifest.xml:29:13-31:52
94                android:name="androidx.lifecycle.ProcessLifecycleInitializer"
94-->[androidx.lifecycle:lifecycle-process:2.6.2] AndroidManifest.xml:30:17-78
95                android:value="androidx.startup" />
95-->[androidx.lifecycle:lifecycle-process:2.6.2] AndroidManifest.xml:31:17-49
96            <meta-data
96-->[com.russhwolf:multiplatform-settings-no-arg-android-debug:1.0.0] AndroidManifest.xml:31:13-33:52
97                android:name="com.russhwolf.settings.SettingsInitializer"
97-->[com.russhwolf:multiplatform-settings-no-arg-android-debug:1.0.0] AndroidManifest.xml:32:17-74
98                android:value="androidx.startup" />
98-->[com.russhwolf:multiplatform-settings-no-arg-android-debug:1.0.0] AndroidManifest.xml:33:17-49
99            <meta-data
99-->[androidx.profileinstaller:profileinstaller:1.3.0] AndroidManifest.xml:29:13-31:52
100                android:name="androidx.profileinstaller.ProfileInstallerInitializer"
100-->[androidx.profileinstaller:profileinstaller:1.3.0] AndroidManifest.xml:30:17-85
101                android:value="androidx.startup" />
101-->[androidx.profileinstaller:profileinstaller:1.3.0] AndroidManifest.xml:31:17-49
102        </provider>
103        <!-- Include the AdActivity and InAppPurchaseActivity configChanges and themes. -->
104        <activity
104-->[com.google.android.gms:play-services-ads-lite:22.5.0] AndroidManifest.xml:56:9-61:43
105            android:name="com.google.android.gms.ads.AdActivity"
105-->[com.google.android.gms:play-services-ads-lite:22.5.0] AndroidManifest.xml:57:13-65
106            android:configChanges="keyboard|keyboardHidden|orientation|screenLayout|uiMode|screenSize|smallestScreenSize"
106-->[com.google.android.gms:play-services-ads-lite:22.5.0] AndroidManifest.xml:58:13-122
107            android:exported="false"
107-->[com.google.android.gms:play-services-ads-lite:22.5.0] AndroidManifest.xml:59:13-37
108            android:theme="@android:style/Theme.Translucent" />
108-->[com.google.android.gms:play-services-ads-lite:22.5.0] AndroidManifest.xml:60:13-61
109
110        <provider
110-->[com.google.android.gms:play-services-ads-lite:22.5.0] AndroidManifest.xml:63:9-68:43
111            android:name="com.google.android.gms.ads.MobileAdsInitProvider"
111-->[com.google.android.gms:play-services-ads-lite:22.5.0] AndroidManifest.xml:64:13-76
112            android:authorities="com.maka.launcher.mobileadsinitprovider"
112-->[com.google.android.gms:play-services-ads-lite:22.5.0] AndroidManifest.xml:65:13-73
113            android:exported="false"
113-->[com.google.android.gms:play-services-ads-lite:22.5.0] AndroidManifest.xml:66:13-37
114            android:initOrder="100" />
114-->[com.google.android.gms:play-services-ads-lite:22.5.0] AndroidManifest.xml:67:13-36
115
116        <service
116-->[com.google.android.gms:play-services-ads-lite:22.5.0] AndroidManifest.xml:70:9-74:43
117            android:name="com.google.android.gms.ads.AdService"
117-->[com.google.android.gms:play-services-ads-lite:22.5.0] AndroidManifest.xml:71:13-64
118            android:enabled="true"
118-->[com.google.android.gms:play-services-ads-lite:22.5.0] AndroidManifest.xml:72:13-35
119            android:exported="false" />
119-->[com.google.android.gms:play-services-ads-lite:22.5.0] AndroidManifest.xml:73:13-37
120
121        <activity
121-->[com.google.android.gms:play-services-ads-lite:22.5.0] AndroidManifest.xml:76:9-80:43
122            android:name="com.google.android.gms.ads.OutOfContextTestingActivity"
122-->[com.google.android.gms:play-services-ads-lite:22.5.0] AndroidManifest.xml:77:13-82
123            android:configChanges="keyboard|keyboardHidden|orientation|screenLayout|uiMode|screenSize|smallestScreenSize"
123-->[com.google.android.gms:play-services-ads-lite:22.5.0] AndroidManifest.xml:78:13-122
124            android:exported="false" />
124-->[com.google.android.gms:play-services-ads-lite:22.5.0] AndroidManifest.xml:79:13-37
125
126        <property
126-->[com.google.android.gms:play-services-ads-lite:22.5.0] AndroidManifest.xml:82:9-84:62
127            android:name="android.adservices.AD_SERVICES_CONFIG"
127-->[com.google.android.gms:play-services-ads-lite:22.5.0] AndroidManifest.xml:83:13-65
128            android:resource="@xml/gma_ad_services_config" />
128-->[com.google.android.gms:play-services-ads-lite:22.5.0] AndroidManifest.xml:84:13-59
129
130        <activity
130-->[com.google.android.gms:play-services-base:18.0.0] AndroidManifest.xml:20:9-22:45
131            android:name="com.google.android.gms.common.api.GoogleApiActivity"
131-->[com.google.android.gms:play-services-base:18.0.0] AndroidManifest.xml:20:19-85
132            android:exported="false"
132-->[com.google.android.gms:play-services-base:18.0.0] AndroidManifest.xml:22:19-43
133            android:theme="@android:style/Theme.Translucent.NoTitleBar" />
133-->[com.google.android.gms:play-services-base:18.0.0] AndroidManifest.xml:21:19-78
134        <activity
134-->[androidx.compose.ui:ui-tooling-android:1.5.4] AndroidManifest.xml:23:9-25:39
135            android:name="androidx.compose.ui.tooling.PreviewActivity"
135-->[androidx.compose.ui:ui-tooling-android:1.5.4] AndroidManifest.xml:24:13-71
136            android:exported="true" />
136-->[androidx.compose.ui:ui-tooling-android:1.5.4] AndroidManifest.xml:25:13-36
137
138        <service
138-->[androidx.work:work-runtime:2.8.1] AndroidManifest.xml:39:9-45:35
139            android:name="androidx.work.impl.background.systemalarm.SystemAlarmService"
139-->[androidx.work:work-runtime:2.8.1] AndroidManifest.xml:40:13-88
140            android:directBootAware="false"
140-->[androidx.work:work-runtime:2.8.1] AndroidManifest.xml:41:13-44
141            android:enabled="@bool/enable_system_alarm_service_default"
141-->[androidx.work:work-runtime:2.8.1] AndroidManifest.xml:42:13-72
142            android:exported="false" />
142-->[androidx.work:work-runtime:2.8.1] AndroidManifest.xml:43:13-37
143        <service
143-->[androidx.work:work-runtime:2.8.1] AndroidManifest.xml:46:9-52:35
144            android:name="androidx.work.impl.background.systemjob.SystemJobService"
144-->[androidx.work:work-runtime:2.8.1] AndroidManifest.xml:47:13-84
145            android:directBootAware="false"
145-->[androidx.work:work-runtime:2.8.1] AndroidManifest.xml:48:13-44
146            android:enabled="@bool/enable_system_job_service_default"
146-->[androidx.work:work-runtime:2.8.1] AndroidManifest.xml:49:13-70
147            android:exported="true"
147-->[androidx.work:work-runtime:2.8.1] AndroidManifest.xml:50:13-36
148            android:permission="android.permission.BIND_JOB_SERVICE" />
148-->[androidx.work:work-runtime:2.8.1] AndroidManifest.xml:51:13-69
149        <service
149-->[androidx.work:work-runtime:2.8.1] AndroidManifest.xml:53:9-59:35
150            android:name="androidx.work.impl.foreground.SystemForegroundService"
150-->[androidx.work:work-runtime:2.8.1] AndroidManifest.xml:54:13-81
151            android:directBootAware="false"
151-->[androidx.work:work-runtime:2.8.1] AndroidManifest.xml:55:13-44
152            android:enabled="@bool/enable_system_foreground_service_default"
152-->[androidx.work:work-runtime:2.8.1] AndroidManifest.xml:56:13-77
153            android:exported="false" />
153-->[androidx.work:work-runtime:2.8.1] AndroidManifest.xml:57:13-37
154
155        <receiver
155-->[androidx.work:work-runtime:2.8.1] AndroidManifest.xml:61:9-66:35
156            android:name="androidx.work.impl.utils.ForceStopRunnable$BroadcastReceiver"
156-->[androidx.work:work-runtime:2.8.1] AndroidManifest.xml:62:13-88
157            android:directBootAware="false"
157-->[androidx.work:work-runtime:2.8.1] AndroidManifest.xml:63:13-44
158            android:enabled="true"
158-->[androidx.work:work-runtime:2.8.1] AndroidManifest.xml:64:13-35
159            android:exported="false" />
159-->[androidx.work:work-runtime:2.8.1] AndroidManifest.xml:65:13-37
160        <receiver
160-->[androidx.work:work-runtime:2.8.1] AndroidManifest.xml:67:9-77:20
161            android:name="androidx.work.impl.background.systemalarm.ConstraintProxy$BatteryChargingProxy"
161-->[androidx.work:work-runtime:2.8.1] AndroidManifest.xml:68:13-106
162            android:directBootAware="false"
162-->[androidx.work:work-runtime:2.8.1] AndroidManifest.xml:69:13-44
163            android:enabled="false"
163-->[androidx.work:work-runtime:2.8.1] AndroidManifest.xml:70:13-36
164            android:exported="false" >
164-->[androidx.work:work-runtime:2.8.1] AndroidManifest.xml:71:13-37
165            <intent-filter>
165-->[androidx.work:work-runtime:2.8.1] AndroidManifest.xml:73:13-76:29
166                <action android:name="android.intent.action.ACTION_POWER_CONNECTED" />
166-->[androidx.work:work-runtime:2.8.1] AndroidManifest.xml:74:17-87
166-->[androidx.work:work-runtime:2.8.1] AndroidManifest.xml:74:25-84
167                <action android:name="android.intent.action.ACTION_POWER_DISCONNECTED" />
167-->[androidx.work:work-runtime:2.8.1] AndroidManifest.xml:75:17-90
167-->[androidx.work:work-runtime:2.8.1] AndroidManifest.xml:75:25-87
168            </intent-filter>
169        </receiver>
170        <receiver
170-->[androidx.work:work-runtime:2.8.1] AndroidManifest.xml:78:9-88:20
171            android:name="androidx.work.impl.background.systemalarm.ConstraintProxy$BatteryNotLowProxy"
171-->[androidx.work:work-runtime:2.8.1] AndroidManifest.xml:79:13-104
172            android:directBootAware="false"
172-->[androidx.work:work-runtime:2.8.1] AndroidManifest.xml:80:13-44
173            android:enabled="false"
173-->[androidx.work:work-runtime:2.8.1] AndroidManifest.xml:81:13-36
174            android:exported="false" >
174-->[androidx.work:work-runtime:2.8.1] AndroidManifest.xml:82:13-37
175            <intent-filter>
175-->[androidx.work:work-runtime:2.8.1] AndroidManifest.xml:84:13-87:29
176                <action android:name="android.intent.action.BATTERY_OKAY" />
176-->[androidx.work:work-runtime:2.8.1] AndroidManifest.xml:85:17-77
176-->[androidx.work:work-runtime:2.8.1] AndroidManifest.xml:85:25-74
177                <action android:name="android.intent.action.BATTERY_LOW" />
177-->[androidx.work:work-runtime:2.8.1] AndroidManifest.xml:86:17-76
177-->[androidx.work:work-runtime:2.8.1] AndroidManifest.xml:86:25-73
178            </intent-filter>
179        </receiver>
180        <receiver
180-->[androidx.work:work-runtime:2.8.1] AndroidManifest.xml:89:9-99:20
181            android:name="androidx.work.impl.background.systemalarm.ConstraintProxy$StorageNotLowProxy"
181-->[androidx.work:work-runtime:2.8.1] AndroidManifest.xml:90:13-104
182            android:directBootAware="false"
182-->[androidx.work:work-runtime:2.8.1] AndroidManifest.xml:91:13-44
183            android:enabled="false"
183-->[androidx.work:work-runtime:2.8.1] AndroidManifest.xml:92:13-36
184            android:exported="false" >
184-->[androidx.work:work-runtime:2.8.1] AndroidManifest.xml:93:13-37
185            <intent-filter>
185-->[androidx.work:work-runtime:2.8.1] AndroidManifest.xml:95:13-98:29
186                <action android:name="android.intent.action.DEVICE_STORAGE_LOW" />
186-->[androidx.work:work-runtime:2.8.1] AndroidManifest.xml:96:17-83
186-->[androidx.work:work-runtime:2.8.1] AndroidManifest.xml:96:25-80
187                <action android:name="android.intent.action.DEVICE_STORAGE_OK" />
187-->[androidx.work:work-runtime:2.8.1] AndroidManifest.xml:97:17-82
187-->[androidx.work:work-runtime:2.8.1] AndroidManifest.xml:97:25-79
188            </intent-filter>
189        </receiver>
190        <receiver
190-->[androidx.work:work-runtime:2.8.1] AndroidManifest.xml:100:9-109:20
191            android:name="androidx.work.impl.background.systemalarm.ConstraintProxy$NetworkStateProxy"
191-->[androidx.work:work-runtime:2.8.1] AndroidManifest.xml:101:13-103
192            android:directBootAware="false"
192-->[androidx.work:work-runtime:2.8.1] AndroidManifest.xml:102:13-44
193            android:enabled="false"
193-->[androidx.work:work-runtime:2.8.1] AndroidManifest.xml:103:13-36
194            android:exported="false" >
194-->[androidx.work:work-runtime:2.8.1] AndroidManifest.xml:104:13-37
195            <intent-filter>
195-->[androidx.work:work-runtime:2.8.1] AndroidManifest.xml:106:13-108:29
196                <action android:name="android.net.conn.CONNECTIVITY_CHANGE" />
196-->[androidx.work:work-runtime:2.8.1] AndroidManifest.xml:107:17-79
196-->[androidx.work:work-runtime:2.8.1] AndroidManifest.xml:107:25-76
197            </intent-filter>
198        </receiver>
199        <receiver
199-->[androidx.work:work-runtime:2.8.1] AndroidManifest.xml:110:9-121:20
200            android:name="androidx.work.impl.background.systemalarm.RescheduleReceiver"
200-->[androidx.work:work-runtime:2.8.1] AndroidManifest.xml:111:13-88
201            android:directBootAware="false"
201-->[androidx.work:work-runtime:2.8.1] AndroidManifest.xml:112:13-44
202            android:enabled="false"
202-->[androidx.work:work-runtime:2.8.1] AndroidManifest.xml:113:13-36
203            android:exported="false" >
203-->[androidx.work:work-runtime:2.8.1] AndroidManifest.xml:114:13-37
204            <intent-filter>
204-->[androidx.work:work-runtime:2.8.1] AndroidManifest.xml:116:13-120:29
205                <action android:name="android.intent.action.BOOT_COMPLETED" />
205-->[androidx.work:work-runtime:2.8.1] AndroidManifest.xml:117:17-79
205-->[androidx.work:work-runtime:2.8.1] AndroidManifest.xml:117:25-76
206                <action android:name="android.intent.action.TIME_SET" />
206-->[androidx.work:work-runtime:2.8.1] AndroidManifest.xml:118:17-73
206-->[androidx.work:work-runtime:2.8.1] AndroidManifest.xml:118:25-70
207                <action android:name="android.intent.action.TIMEZONE_CHANGED" />
207-->[androidx.work:work-runtime:2.8.1] AndroidManifest.xml:119:17-81
207-->[androidx.work:work-runtime:2.8.1] AndroidManifest.xml:119:25-78
208            </intent-filter>
209        </receiver>
210        <receiver
210-->[androidx.work:work-runtime:2.8.1] AndroidManifest.xml:122:9-131:20
211            android:name="androidx.work.impl.background.systemalarm.ConstraintProxyUpdateReceiver"
211-->[androidx.work:work-runtime:2.8.1] AndroidManifest.xml:123:13-99
212            android:directBootAware="false"
212-->[androidx.work:work-runtime:2.8.1] AndroidManifest.xml:124:13-44
213            android:enabled="@bool/enable_system_alarm_service_default"
213-->[androidx.work:work-runtime:2.8.1] AndroidManifest.xml:125:13-72
214            android:exported="false" >
214-->[androidx.work:work-runtime:2.8.1] AndroidManifest.xml:126:13-37
215            <intent-filter>
215-->[androidx.work:work-runtime:2.8.1] AndroidManifest.xml:128:13-130:29
216                <action android:name="androidx.work.impl.background.systemalarm.UpdateProxies" />
216-->[androidx.work:work-runtime:2.8.1] AndroidManifest.xml:129:17-98
216-->[androidx.work:work-runtime:2.8.1] AndroidManifest.xml:129:25-95
217            </intent-filter>
218        </receiver>
219        <receiver
219-->[androidx.work:work-runtime:2.8.1] AndroidManifest.xml:132:9-142:20
220            android:name="androidx.work.impl.diagnostics.DiagnosticsReceiver"
220-->[androidx.work:work-runtime:2.8.1] AndroidManifest.xml:133:13-78
221            android:directBootAware="false"
221-->[androidx.work:work-runtime:2.8.1] AndroidManifest.xml:134:13-44
222            android:enabled="true"
222-->[androidx.work:work-runtime:2.8.1] AndroidManifest.xml:135:13-35
223            android:exported="true"
223-->[androidx.work:work-runtime:2.8.1] AndroidManifest.xml:136:13-36
224            android:permission="android.permission.DUMP" >
224-->[androidx.work:work-runtime:2.8.1] AndroidManifest.xml:137:13-57
225            <intent-filter>
225-->[androidx.work:work-runtime:2.8.1] AndroidManifest.xml:139:13-141:29
226                <action android:name="androidx.work.diagnostics.REQUEST_DIAGNOSTICS" />
226-->[androidx.work:work-runtime:2.8.1] AndroidManifest.xml:140:17-88
226-->[androidx.work:work-runtime:2.8.1] AndroidManifest.xml:140:25-85
227            </intent-filter>
228        </receiver>
229
230        <service
230-->[androidx.room:room-runtime:2.6.1] AndroidManifest.xml:24:9-28:63
231            android:name="androidx.room.MultiInstanceInvalidationService"
231-->[androidx.room:room-runtime:2.6.1] AndroidManifest.xml:25:13-74
232            android:directBootAware="true"
232-->[androidx.room:room-runtime:2.6.1] AndroidManifest.xml:26:13-43
233            android:exported="false" />
233-->[androidx.room:room-runtime:2.6.1] AndroidManifest.xml:27:13-37
234
235        <uses-library
235-->[androidx.privacysandbox.ads:ads-adservices:1.0.0-beta05] AndroidManifest.xml:23:9-25:40
236            android:name="android.ext.adservices"
236-->[androidx.privacysandbox.ads:ads-adservices:1.0.0-beta05] AndroidManifest.xml:24:13-50
237            android:required="false" />
237-->[androidx.privacysandbox.ads:ads-adservices:1.0.0-beta05] AndroidManifest.xml:25:13-37
238
239        <meta-data
239-->[com.google.android.gms:play-services-basement:18.2.0] AndroidManifest.xml:21:9-23:69
240            android:name="com.google.android.gms.version"
240-->[com.google.android.gms:play-services-basement:18.2.0] AndroidManifest.xml:22:13-58
241            android:value="@integer/google_play_services_version" />
241-->[com.google.android.gms:play-services-basement:18.2.0] AndroidManifest.xml:23:13-66
242
243        <receiver
243-->[androidx.profileinstaller:profileinstaller:1.3.0] AndroidManifest.xml:34:9-52:20
244            android:name="androidx.profileinstaller.ProfileInstallReceiver"
244-->[androidx.profileinstaller:profileinstaller:1.3.0] AndroidManifest.xml:35:13-76
245            android:directBootAware="false"
245-->[androidx.profileinstaller:profileinstaller:1.3.0] AndroidManifest.xml:36:13-44
246            android:enabled="true"
246-->[androidx.profileinstaller:profileinstaller:1.3.0] AndroidManifest.xml:37:13-35
247            android:exported="true"
247-->[androidx.profileinstaller:profileinstaller:1.3.0] AndroidManifest.xml:38:13-36
248            android:permission="android.permission.DUMP" >
248-->[androidx.profileinstaller:profileinstaller:1.3.0] AndroidManifest.xml:39:13-57
249            <intent-filter>
249-->[androidx.profileinstaller:profileinstaller:1.3.0] AndroidManifest.xml:40:13-42:29
250                <action android:name="androidx.profileinstaller.action.INSTALL_PROFILE" />
250-->[androidx.profileinstaller:profileinstaller:1.3.0] AndroidManifest.xml:41:17-91
250-->[androidx.profileinstaller:profileinstaller:1.3.0] AndroidManifest.xml:41:25-88
251            </intent-filter>
252            <intent-filter>
252-->[androidx.profileinstaller:profileinstaller:1.3.0] AndroidManifest.xml:43:13-45:29
253                <action android:name="androidx.profileinstaller.action.SKIP_FILE" />
253-->[androidx.profileinstaller:profileinstaller:1.3.0] AndroidManifest.xml:44:17-85
253-->[androidx.profileinstaller:profileinstaller:1.3.0] AndroidManifest.xml:44:25-82
254            </intent-filter>
255            <intent-filter>
255-->[androidx.profileinstaller:profileinstaller:1.3.0] AndroidManifest.xml:46:13-48:29
256                <action android:name="androidx.profileinstaller.action.SAVE_PROFILE" />
256-->[androidx.profileinstaller:profileinstaller:1.3.0] AndroidManifest.xml:47:17-88
256-->[androidx.profileinstaller:profileinstaller:1.3.0] AndroidManifest.xml:47:25-85
257            </intent-filter>
258            <intent-filter>
258-->[androidx.profileinstaller:profileinstaller:1.3.0] AndroidManifest.xml:49:13-51:29
259                <action android:name="androidx.profileinstaller.action.BENCHMARK_OPERATION" />
259-->[androidx.profileinstaller:profileinstaller:1.3.0] AndroidManifest.xml:50:17-95
259-->[androidx.profileinstaller:profileinstaller:1.3.0] AndroidManifest.xml:50:25-92
260            </intent-filter>
261        </receiver>
262    </application>
263
264</manifest>